<?xml version="1.0" encoding="UTF-8"?>
<!-- Generated by org.testng.reporters.JUnitReportReporter -->
<testsuite hostname="DESKTOP-8B8PBF3" failures="0" tests="1" name="orderOfExecution.TestNG_Annotations" time="0.006" errors="0" timestamp="2024-06-21T13:04:10 IST" skipped="0">
  <testcase classname="orderOfExecution.TestNG_Annotations" name="allAnnotationRun" time="0.006"/>
  <system-out/>
</testsuite> <!-- orderOfExecution.TestNG_Annotations -->
