<?xml version="1.0" encoding="UTF-8"?>
<!-- Generated by org.testng.reporters.JUnitReportReporter -->
<testsuite hostname="DESKTOP-8B8PBF3" failures="0" tests="2" name="package4_logoutMoudle.Logout_module_Test" time="0.001" errors="0" timestamp="2024-06-28T13:45:25 IST" skipped="0">
  <testcase classname="package4_logoutMoudle.Logout_module_Test" name="logout_Profile_Test" time="0.000"/>
  <system-out/>
  <testcase classname="package4_logoutMoudle.Logout_module_Test" name="logout_Profile_logout_Test" time="0.001"/>
  <system-out/>
</testsuite> <!-- package4_logoutMoudle.Logout_module_Test -->
