<?xml version="1.0" encoding="UTF-8"?>
<!-- Generated by org.testng.reporters.JUnitReportReporter -->
<testsuite hostname="DESKTOP-8B8PBF3" failures="0" tests="4" name="dataprovider.LoginTest" time="39.373" errors="0" timestamp="2024-10-28T18:10:57 IST" skipped="0">
  <testcase classname="dataprovider.LoginTest" name="loginTest" time="8.924"/>
  <testcase classname="dataprovider.LoginTest" name="loginTest" time="11.113"/>
  <testcase classname="dataprovider.LoginTest" name="loginTest" time="10.977"/>
  <testcase classname="dataprovider.LoginTest" name="loginTest" time="8.359"/>
</testsuite> <!-- dataprovider.LoginTest -->
