<?xml version="1.0" encoding="UTF-8"?>
<!-- Generated by org.testng.reporters.JUnitReportReporter -->
<testsuite hostname="DESKTOP-8B8PBF3" failures="0" tests="3" name="package3_LoanModule.Pim_module_Test" time="0.003" errors="0" timestamp="2024-06-28T13:45:25 IST" skipped="0">
  <testcase classname="package3_LoanModule.Pim_module_Test" name="Employee_List_Module_Test" time="0.002"/>
  <system-out/>
  <testcase classname="package3_LoanModule.Pim_module_Test" name="Employee_List_Add_Test" time="0.000"/>
  <system-out/>
  <testcase classname="package3_LoanModule.Pim_module_Test" name="Employee_List_EmployeeSearch_Test" time="0.001"/>
  <system-out/>
</testsuite> <!-- package3_LoanModule.Pim_module_Test -->
