<?xml version="1.0" encoding="UTF-8"?>
<!-- Generated by org.testng.reporters.JUnitReportReporter -->
<testsuite hostname="DESKTOP-8B8PBF3" failures="0" tests="3" name="package2_HomeModule.HomeModule_Test" time="0.003" errors="0" timestamp="2024-06-28T13:45:25 IST" skipped="0">
  <testcase classname="package2_HomeModule.HomeModule_Test" name="HomeModule_AdminStory_Test" time="0.001"/>
  <system-out/>
  <testcase classname="package2_HomeModule.HomeModule_Test" name="HomeModule_PimStory_Test" time="0.001"/>
  <system-out/>
  <testcase classname="package2_HomeModule.HomeModule_Test" name="HomeModule_Leave_Test" time="0.001"/>
  <system-out/>
</testsuite> <!-- package2_HomeModule.HomeModule_Test -->
