<?xml version="1.0" encoding="UTF-8"?>
<!-- Generated by org.testng.reporters.JUnitReportReporter -->
<testsuite hostname="DESKTOP-8B8PBF3" failures="0" tests="3" name="dataprovider.Dataprovider_Class" time="0.011" errors="0" timestamp="2024-06-28T14:18:58 IST" skipped="0">
  <testcase classname="dataprovider.Dataprovider_Class" name="useData" time="0.000"/>
  <system-out/>
  <testcase classname="dataprovider.Dataprovider_Class" name="useData" time="0.010"/>
  <system-out/>
  <testcase classname="dataprovider.Dataprovider_Class" name="useData" time="0.001"/>
  <system-out/>
</testsuite> <!-- dataprovider.Dataprovider_Class -->
