<?xml version="1.0" encoding="UTF-8"?>
<!-- Generated by org.testng.reporters.JUnitReportReporter -->
<testsuite hostname="DESKTOP-8B8PBF3" failures="0" tests="3" name="package1_SigninModule.Signin_Module_Test" time="0.006" errors="0" timestamp="2024-06-28T13:45:25 IST" skipped="0">
  <testcase classname="package1_SigninModule.Signin_Module_Test" name="Signin_UserName_Test" time="0.005"/>
  <system-out/>
  <testcase classname="package1_SigninModule.Signin_Module_Test" name="Signin_Password_Test" time="0.001"/>
  <system-out/>
  <testcase classname="package1_SigninModule.Signin_Module_Test" name="Signin_LoginButton_Test" time="0.000"/>
  <system-out/>
</testsuite> <!-- package1_SigninModule.Signin_Module_Test -->
