<?xml version="1.0" encoding="UTF-8"?>
<!-- Generated by org.testng.reporters.JUnitReportReporter -->
<testsuite hostname="DESKTOP-8B8PBF3" failures="0" tests="1" name="parameterization_package.Parameterization" time="8.181" errors="0" timestamp="2024-06-28T13:45:25 IST" skipped="0">
  <testcase classname="parameterization_package.Parameterization" name="Script_Test" time="8.181"/>
  <system-out/>
</testsuite> <!-- parameterization_package.Parameterization -->
