<?xml version="1.0" encoding="UTF-8"?>
<!-- Generated by org.testng.reporters.JUnitReportReporter -->
<testsuite hostname="DESKTOP-8B8PBF3" failures="0" tests="3" name="dataprovider.DataProiveder_betweentheclass" time="65.194" errors="0" timestamp="2024-06-28T14:18:58 IST" skipped="0">
  <testcase classname="dataprovider.DataProiveder_betweentheclass" name="useData" time="21.257"/>
  <system-out/>
  <testcase classname="dataprovider.DataProiveder_betweentheclass" name="useData" time="21.712"/>
  <system-out/>
  <testcase classname="dataprovider.DataProiveder_betweentheclass" name="useData" time="22.225"/>
  <system-out/>
</testsuite> <!-- dataprovider.DataProiveder_betweentheclass -->
